2020-09-08 00:40:36.686 [main] INFO  ExpireServiceTest - Starting ExpireServiceTest on zhangjiingdeMBP with PID 1067 (started by zhangjiaming in /Users/zhangjiaming/Documents/workspace/studio/Studio_Project_PanyuAuxiliaryPoliceSystem/houtai/base/biz/biz-expire/biz-expire-server)
2020-09-08 00:40:36.691 [main] INFO  ExpireServiceTest - The following profiles are active: local
2020-09-08 00:40:37.506 [main] INFO  o.s.d.r.config.RepositoryConfigurationDelegate - Bootstrapping Spring Data repositories in DEFAULT mode.
2020-09-08 00:40:37.655 [main] INFO  o.s.d.r.config.RepositoryConfigurationDelegate - Finished Spring Data repository scanning in 112ms. Found 1 repository interfaces.
2020-09-08 00:40:38.231 [main] INFO  o.s.c.s.PostProcessorRegistrationDelegate$BeanPostProcessorChecker - Bean 'org.springframework.transaction.annotation.ProxyTransactionManagementConfiguration' of type [org.springframework.transaction.annotation.ProxyTransactionManagementConfiguration$$EnhancerBySpringCGLIB$$cdaa7188] is not eligible for getting processed by all BeanPostProcessors (for example: not eligible for auto-proxying)
2020-09-08 00:40:38.317 [main] INFO  o.s.b.a.l.ConditionEvaluationReportLoggingListener - 

Error starting ApplicationContext. To display the conditions report re-run your application with 'debug' enabled.
2020-09-08 00:40:38.488 [main] INFO  ExpireServiceTest - Starting ExpireServiceTest on zhangjiingdeMBP with PID 1067 (started by zhangjiaming in /Users/zhangjiaming/Documents/workspace/studio/Studio_Project_PanyuAuxiliaryPoliceSystem/houtai/base/biz/biz-expire/biz-expire-server)
2020-09-08 00:40:38.489 [main] INFO  ExpireServiceTest - The following profiles are active: local
2020-09-08 00:40:38.685 [main] INFO  o.s.d.r.config.RepositoryConfigurationDelegate - Bootstrapping Spring Data repositories in DEFAULT mode.
2020-09-08 00:40:38.704 [main] INFO  o.s.d.r.config.RepositoryConfigurationDelegate - Finished Spring Data repository scanning in 19ms. Found 1 repository interfaces.
2020-09-08 00:40:38.813 [main] INFO  o.s.c.s.PostProcessorRegistrationDelegate$BeanPostProcessorChecker - Bean 'org.springframework.transaction.annotation.ProxyTransactionManagementConfiguration' of type [org.springframework.transaction.annotation.ProxyTransactionManagementConfiguration$$EnhancerBySpringCGLIB$$cdaa7188] is not eligible for getting processed by all BeanPostProcessors (for example: not eligible for auto-proxying)
2020-09-08 00:40:38.865 [main] INFO  o.s.b.a.l.ConditionEvaluationReportLoggingListener - 

Error starting ApplicationContext. To display the conditions report re-run your application with 'debug' enabled.
2020-09-08 00:40:39.009 [main] INFO  ExpireServiceTest - Starting ExpireServiceTest on zhangjiingdeMBP with PID 1067 (started by zhangjiaming in /Users/zhangjiaming/Documents/workspace/studio/Studio_Project_PanyuAuxiliaryPoliceSystem/houtai/base/biz/biz-expire/biz-expire-server)
2020-09-08 00:40:39.010 [main] INFO  ExpireServiceTest - The following profiles are active: local
2020-09-08 00:40:39.149 [main] INFO  o.s.d.r.config.RepositoryConfigurationDelegate - Bootstrapping Spring Data repositories in DEFAULT mode.
2020-09-08 00:40:39.175 [main] INFO  o.s.d.r.config.RepositoryConfigurationDelegate - Finished Spring Data repository scanning in 26ms. Found 1 repository interfaces.
2020-09-08 00:40:39.290 [main] INFO  o.s.c.s.PostProcessorRegistrationDelegate$BeanPostProcessorChecker - Bean 'org.springframework.transaction.annotation.ProxyTransactionManagementConfiguration' of type [org.springframework.transaction.annotation.ProxyTransactionManagementConfiguration$$EnhancerBySpringCGLIB$$cdaa7188] is not eligible for getting processed by all BeanPostProcessors (for example: not eligible for auto-proxying)
2020-09-08 00:40:39.334 [main] INFO  o.s.b.a.l.ConditionEvaluationReportLoggingListener - 

Error starting ApplicationContext. To display the conditions report re-run your application with 'debug' enabled.
2020-09-08 00:40:39.462 [main] INFO  ExpireServiceTest - Starting ExpireServiceTest on zhangjiingdeMBP with PID 1067 (started by zhangjiaming in /Users/zhangjiaming/Documents/workspace/studio/Studio_Project_PanyuAuxiliaryPoliceSystem/houtai/base/biz/biz-expire/biz-expire-server)
2020-09-08 00:40:39.462 [main] INFO  ExpireServiceTest - The following profiles are active: local
2020-09-08 00:40:39.631 [main] INFO  o.s.d.r.config.RepositoryConfigurationDelegate - Bootstrapping Spring Data repositories in DEFAULT mode.
2020-09-08 00:40:39.659 [main] INFO  o.s.d.r.config.RepositoryConfigurationDelegate - Finished Spring Data repository scanning in 28ms. Found 1 repository interfaces.
2020-09-08 00:40:39.826 [main] INFO  o.s.c.s.PostProcessorRegistrationDelegate$BeanPostProcessorChecker - Bean 'org.springframework.transaction.annotation.ProxyTransactionManagementConfiguration' of type [org.springframework.transaction.annotation.ProxyTransactionManagementConfiguration$$EnhancerBySpringCGLIB$$cdaa7188] is not eligible for getting processed by all BeanPostProcessors (for example: not eligible for auto-proxying)
2020-09-08 00:40:39.904 [main] INFO  o.s.b.a.l.ConditionEvaluationReportLoggingListener - 

Error starting ApplicationContext. To display the conditions report re-run your application with 'debug' enabled.
