2020-08-13 01:47:34.631 [main] INFO  ExpireServiceTest - Starting ExpireServiceTest on zhangjiingdeMBP with PID 1147 (started by zhangjiaming in /Users/zhangjiaming/Documents/workspace/studio/panyufujing/Studio_Project_PanyuAuxiliaryPoliceSystem/houtai/base/biz/biz-expire/biz-expire-server)
2020-08-13 01:47:34.640 [main] INFO  ExpireServiceTest - The following profiles are active: local
2020-08-13 01:47:35.483 [main] INFO  o.s.d.r.config.RepositoryConfigurationDelegate - Bootstrapping Spring Data repositories in DEFAULT mode.
2020-08-13 01:47:35.589 [main] INFO  o.s.d.r.config.RepositoryConfigurationDelegate - Finished Spring Data repository scanning in 79ms. Found 1 repository interfaces.
2020-08-13 01:47:36.324 [main] INFO  o.s.c.s.PostProcessorRegistrationDelegate$BeanPostProcessorChecker - Bean 'org.springframework.transaction.annotation.ProxyTransactionManagementConfiguration' of type [org.springframework.transaction.annotation.ProxyTransactionManagementConfiguration$$EnhancerBySpringCGLIB$$4d6ef751] is not eligible for getting processed by all BeanPostProcessors (for example: not eligible for auto-proxying)
2020-08-13 01:47:36.441 [main] INFO  o.s.b.a.l.ConditionEvaluationReportLoggingListener - 

Error starting ApplicationContext. To display the conditions report re-run your application with 'debug' enabled.
2020-08-13 01:47:36.619 [main] INFO  ExpireServiceTest - Starting ExpireServiceTest on zhangjiingdeMBP with PID 1147 (started by zhangjiaming in /Users/zhangjiaming/Documents/workspace/studio/panyufujing/Studio_Project_PanyuAuxiliaryPoliceSystem/houtai/base/biz/biz-expire/biz-expire-server)
2020-08-13 01:47:36.619 [main] INFO  ExpireServiceTest - The following profiles are active: local
2020-08-13 01:47:36.840 [main] INFO  o.s.d.r.config.RepositoryConfigurationDelegate - Bootstrapping Spring Data repositories in DEFAULT mode.
2020-08-13 01:47:36.866 [main] INFO  o.s.d.r.config.RepositoryConfigurationDelegate - Finished Spring Data repository scanning in 26ms. Found 1 repository interfaces.
2020-08-13 01:47:37.022 [main] INFO  o.s.c.s.PostProcessorRegistrationDelegate$BeanPostProcessorChecker - Bean 'org.springframework.transaction.annotation.ProxyTransactionManagementConfiguration' of type [org.springframework.transaction.annotation.ProxyTransactionManagementConfiguration$$EnhancerBySpringCGLIB$$4d6ef751] is not eligible for getting processed by all BeanPostProcessors (for example: not eligible for auto-proxying)
2020-08-13 01:47:37.075 [main] INFO  o.s.b.a.l.ConditionEvaluationReportLoggingListener - 

Error starting ApplicationContext. To display the conditions report re-run your application with 'debug' enabled.
2020-08-13 01:47:37.211 [main] INFO  ExpireServiceTest - Starting ExpireServiceTest on zhangjiingdeMBP with PID 1147 (started by zhangjiaming in /Users/zhangjiaming/Documents/workspace/studio/panyufujing/Studio_Project_PanyuAuxiliaryPoliceSystem/houtai/base/biz/biz-expire/biz-expire-server)
2020-08-13 01:47:37.212 [main] INFO  ExpireServiceTest - The following profiles are active: local
2020-08-13 01:47:37.352 [main] INFO  o.s.d.r.config.RepositoryConfigurationDelegate - Bootstrapping Spring Data repositories in DEFAULT mode.
2020-08-13 01:47:37.376 [main] INFO  o.s.d.r.config.RepositoryConfigurationDelegate - Finished Spring Data repository scanning in 24ms. Found 1 repository interfaces.
2020-08-13 01:47:37.488 [main] INFO  o.s.c.s.PostProcessorRegistrationDelegate$BeanPostProcessorChecker - Bean 'org.springframework.transaction.annotation.ProxyTransactionManagementConfiguration' of type [org.springframework.transaction.annotation.ProxyTransactionManagementConfiguration$$EnhancerBySpringCGLIB$$4d6ef751] is not eligible for getting processed by all BeanPostProcessors (for example: not eligible for auto-proxying)
2020-08-13 01:47:37.526 [main] INFO  o.s.b.a.l.ConditionEvaluationReportLoggingListener - 

Error starting ApplicationContext. To display the conditions report re-run your application with 'debug' enabled.
2020-08-13 01:47:37.614 [main] INFO  ExpireServiceTest - Starting ExpireServiceTest on zhangjiingdeMBP with PID 1147 (started by zhangjiaming in /Users/zhangjiaming/Documents/workspace/studio/panyufujing/Studio_Project_PanyuAuxiliaryPoliceSystem/houtai/base/biz/biz-expire/biz-expire-server)
2020-08-13 01:47:37.614 [main] INFO  ExpireServiceTest - The following profiles are active: local
2020-08-13 01:47:37.797 [main] INFO  o.s.d.r.config.RepositoryConfigurationDelegate - Bootstrapping Spring Data repositories in DEFAULT mode.
2020-08-13 01:47:37.815 [main] INFO  o.s.d.r.config.RepositoryConfigurationDelegate - Finished Spring Data repository scanning in 17ms. Found 1 repository interfaces.
2020-08-13 01:47:37.956 [main] INFO  o.s.c.s.PostProcessorRegistrationDelegate$BeanPostProcessorChecker - Bean 'org.springframework.transaction.annotation.ProxyTransactionManagementConfiguration' of type [org.springframework.transaction.annotation.ProxyTransactionManagementConfiguration$$EnhancerBySpringCGLIB$$4d6ef751] is not eligible for getting processed by all BeanPostProcessors (for example: not eligible for auto-proxying)
2020-08-13 01:47:38.032 [main] INFO  o.s.b.a.l.ConditionEvaluationReportLoggingListener - 

Error starting ApplicationContext. To display the conditions report re-run your application with 'debug' enabled.
